<?xml version="1.0" encoding="UTF-8"?>
<!-- Generated by org.testng.reporters.JUnitXMLReporter -->
<testsuite hostname="DESKTOP-6SNOD9C" name="DemoXMLcalss" tests="3" failures="0" timestamp="9 Jul 2018 03:05:30 GMT" time="0.032" errors="0">
  <testcase name="Sub" time="0.0" classname="com.firsttest.DemoTestclass"/>
  <testcase name="add" time="0.0" classname="com.firsttest.DemoTestclass"/>
  <testcase name="multiplication" time="0.0" classname="com.firsttest.DemoTestclass"/>
</testsuite> <!-- DemoXMLcalss -->
