<?xml version="1.0" encoding="UTF-8"?>
<!-- Generated by org.testng.reporters.JUnitXMLReporter -->
<testsuite hostname="DESKTOP-6SNOD9C" name="Extent Report" tests="6" failures="0" timestamp="9 Jul 2018 07:09:48 GMT" time="0.017" errors="0">
  <testcase name="Sub" time="0.002" classname="com.firsttest.DemoTestclass"/>
  <testcase name="add" time="0.001" classname="com.firsttest.DemoTestclass"/>
  <testcase name="multiplication" time="0.0" classname="com.firsttest.DemoTestclass"/>
  <testcase name="Sub" time="0.0" classname="com.firsttest.DemoTest2"/>
  <testcase name="add" time="0.0" classname="com.firsttest.DemoTest2"/>
  <testcase name="multiplication" time="0.0" classname="com.firsttest.DemoTest2"/>
</testsuite> <!-- Extent Report -->
