<?xml version="1.0" encoding="UTF-8"?>
<testng-results skipped="0" failed="0" total="6" passed="6">
  <reporter-output>
  </reporter-output>
  <suite name="Suite" duration-ms="17" started-at="2018-07-09T07:09:48Z" finished-at="2018-07-09T07:09:48Z">
    <groups>
    </groups>
    <test name="Extent Report" duration-ms="17" started-at="2018-07-09T07:09:48Z" finished-at="2018-07-09T07:09:48Z">
      <class name="com.firsttest.DemoTest2">
        <test-method status="PASS" signature="setUp()[pri:0, instance:com.firsttest.DemoTest2@327471b5]" name="setUp" is-config="true" duration-ms="11" started-at="2018-07-09T02:09:48Z" finished-at="2018-07-09T02:09:48Z">
          <reporter-output>
          </reporter-output>
        </test-method> <!-- setUp -->
        <test-method status="PASS" signature="login()[pri:0, instance:com.firsttest.DemoTestclass@3567135c]" name="login" is-config="true" duration-ms="0" started-at="2018-07-09T02:09:48Z" finished-at="2018-07-09T02:09:48Z">
          <reporter-output>
          </reporter-output>
        </test-method> <!-- login -->
        <test-method status="PASS" signature="setUp()[pri:0, instance:com.firsttest.DemoTestclass@3567135c]" name="setUp" is-config="true" duration-ms="0" started-at="2018-07-09T02:09:48Z" finished-at="2018-07-09T02:09:48Z">
          <reporter-output>
          </reporter-output>
        </test-method> <!-- setUp -->
        <test-method status="PASS" signature="login()[pri:0, instance:com.firsttest.DemoTest2@327471b5]" name="login" is-config="true" duration-ms="0" started-at="2018-07-09T02:09:48Z" finished-at="2018-07-09T02:09:48Z">
          <reporter-output>
          </reporter-output>
        </test-method> <!-- login -->
        <test-method status="PASS" signature="launchBrowser()[pri:0, instance:com.firsttest.DemoTest2@327471b5]" name="launchBrowser" is-config="true" duration-ms="0" started-at="2018-07-09T02:09:48Z" finished-at="2018-07-09T02:09:48Z">
          <reporter-output>
          </reporter-output>
        </test-method> <!-- launchBrowser -->
        <test-method status="PASS" signature="enterURL()[pri:0, instance:com.firsttest.DemoTest2@327471b5]" name="enterURL" is-config="true" duration-ms="0" started-at="2018-07-09T02:09:48Z" finished-at="2018-07-09T02:09:48Z">
          <reporter-output>
          </reporter-output>
        </test-method> <!-- enterURL -->
        <test-method status="PASS" signature="Sub()[pri:0, instance:com.firsttest.DemoTest2@327471b5]" name="Sub" duration-ms="0" started-at="2018-07-09T02:09:48Z" finished-at="2018-07-09T02:09:48Z">
          <reporter-output>
          </reporter-output>
        </test-method> <!-- Sub -->
        <test-method status="PASS" signature="logOut()[pri:0, instance:com.firsttest.DemoTest2@327471b5]" name="logOut" is-config="true" duration-ms="0" started-at="2018-07-09T02:09:48Z" finished-at="2018-07-09T02:09:48Z">
          <reporter-output>
          </reporter-output>
        </test-method> <!-- logOut -->
        <test-method status="PASS" signature="enterURL()[pri:0, instance:com.firsttest.DemoTest2@327471b5]" name="enterURL" is-config="true" duration-ms="0" started-at="2018-07-09T02:09:48Z" finished-at="2018-07-09T02:09:48Z">
          <reporter-output>
          </reporter-output>
        </test-method> <!-- enterURL -->
        <test-method status="PASS" signature="add()[pri:0, instance:com.firsttest.DemoTest2@327471b5]" name="add" duration-ms="0" started-at="2018-07-09T02:09:48Z" finished-at="2018-07-09T02:09:48Z">
          <reporter-output>
          </reporter-output>
        </test-method> <!-- add -->
        <test-method status="PASS" signature="logOut()[pri:0, instance:com.firsttest.DemoTest2@327471b5]" name="logOut" is-config="true" duration-ms="0" started-at="2018-07-09T02:09:48Z" finished-at="2018-07-09T02:09:48Z">
          <reporter-output>
          </reporter-output>
        </test-method> <!-- logOut -->
        <test-method status="PASS" signature="multiplication()[pri:0, instance:com.firsttest.DemoTest2@327471b5]" name="multiplication" duration-ms="0" started-at="2018-07-09T02:09:48Z" finished-at="2018-07-09T02:09:48Z">
          <reporter-output>
          </reporter-output>
        </test-method> <!-- multiplication -->
        <test-method status="PASS" signature="logOut()[pri:0, instance:com.firsttest.DemoTest2@327471b5]" name="logOut" is-config="true" duration-ms="0" started-at="2018-07-09T02:09:48Z" finished-at="2018-07-09T02:09:48Z">
          <reporter-output>
          </reporter-output>
        </test-method> <!-- logOut -->
        <test-method status="PASS" signature="closeAllBrowser()[pri:0, instance:com.firsttest.DemoTest2@327471b5]" name="closeAllBrowser" is-config="true" duration-ms="0" started-at="2018-07-09T02:09:48Z" finished-at="2018-07-09T02:09:48Z">
          <reporter-output>
          </reporter-output>
        </test-method> <!-- closeAllBrowser -->
        <test-method status="PASS" signature="enterURL()[pri:0, instance:com.firsttest.DemoTest2@327471b5]" name="enterURL" is-config="true" duration-ms="0" started-at="2018-07-09T02:09:48Z" finished-at="2018-07-09T02:09:48Z">
          <reporter-output>
          </reporter-output>
        </test-method> <!-- enterURL -->
        <test-method status="PASS" signature="deleteCoolies()[pri:0, instance:com.firsttest.DemoTest2@327471b5]" name="deleteCoolies" is-config="true" duration-ms="0" started-at="2018-07-09T02:09:48Z" finished-at="2018-07-09T02:09:48Z">
          <reporter-output>
          </reporter-output>
        </test-method> <!-- deleteCoolies -->
        <test-method status="PASS" signature="deleteCoolies()[pri:0, instance:com.firsttest.DemoTestclass@3567135c]" name="deleteCoolies" is-config="true" duration-ms="0" started-at="2018-07-09T02:09:48Z" finished-at="2018-07-09T02:09:48Z">
          <reporter-output>
          </reporter-output>
        </test-method> <!-- deleteCoolies -->
        <test-method status="PASS" signature="generateReport()[pri:0, instance:com.firsttest.DemoTest2@327471b5]" name="generateReport" is-config="true" duration-ms="0" started-at="2018-07-09T02:09:48Z" finished-at="2018-07-09T02:09:48Z">
          <reporter-output>
          </reporter-output>
        </test-method> <!-- generateReport -->
        <test-method status="PASS" signature="generateReport()[pri:0, instance:com.firsttest.DemoTestclass@3567135c]" name="generateReport" is-config="true" duration-ms="1" started-at="2018-07-09T02:09:48Z" finished-at="2018-07-09T02:09:48Z">
          <reporter-output>
          </reporter-output>
        </test-method> <!-- generateReport -->
      </class> <!-- com.firsttest.DemoTest2 -->
      <class name="com.firsttest.DemoTestclass">
        <test-method status="PASS" signature="launchBrowser()[pri:0, instance:com.firsttest.DemoTestclass@3567135c]" name="launchBrowser" is-config="true" duration-ms="0" started-at="2018-07-09T02:09:48Z" finished-at="2018-07-09T02:09:48Z">
          <reporter-output>
          </reporter-output>
        </test-method> <!-- launchBrowser -->
        <test-method status="PASS" signature="enterURL()[pri:0, instance:com.firsttest.DemoTestclass@3567135c]" name="enterURL" is-config="true" duration-ms="1" started-at="2018-07-09T02:09:48Z" finished-at="2018-07-09T02:09:48Z">
          <reporter-output>
          </reporter-output>
        </test-method> <!-- enterURL -->
        <test-method status="PASS" signature="Sub()[pri:0, instance:com.firsttest.DemoTestclass@3567135c]" name="Sub" duration-ms="2" started-at="2018-07-09T02:09:48Z" finished-at="2018-07-09T02:09:48Z">
          <reporter-output>
          </reporter-output>
        </test-method> <!-- Sub -->
        <test-method status="PASS" signature="add()[pri:0, instance:com.firsttest.DemoTestclass@3567135c]" name="add" duration-ms="1" started-at="2018-07-09T02:09:48Z" finished-at="2018-07-09T02:09:48Z">
          <reporter-output>
          </reporter-output>
        </test-method> <!-- add -->
        <test-method status="PASS" signature="logOut()[pri:0, instance:com.firsttest.DemoTestclass@3567135c]" name="logOut" is-config="true" duration-ms="0" started-at="2018-07-09T02:09:48Z" finished-at="2018-07-09T02:09:48Z">
          <reporter-output>
          </reporter-output>
        </test-method> <!-- logOut -->
        <test-method status="PASS" signature="enterURL()[pri:0, instance:com.firsttest.DemoTestclass@3567135c]" name="enterURL" is-config="true" duration-ms="0" started-at="2018-07-09T02:09:48Z" finished-at="2018-07-09T02:09:48Z">
          <reporter-output>
          </reporter-output>
        </test-method> <!-- enterURL -->
        <test-method status="PASS" signature="logOut()[pri:0, instance:com.firsttest.DemoTestclass@3567135c]" name="logOut" is-config="true" duration-ms="1" started-at="2018-07-09T02:09:48Z" finished-at="2018-07-09T02:09:48Z">
          <reporter-output>
          </reporter-output>
        </test-method> <!-- logOut -->
        <test-method status="PASS" signature="multiplication()[pri:0, instance:com.firsttest.DemoTestclass@3567135c]" name="multiplication" duration-ms="0" started-at="2018-07-09T02:09:48Z" finished-at="2018-07-09T02:09:48Z">
          <reporter-output>
          </reporter-output>
        </test-method> <!-- multiplication -->
        <test-method status="PASS" signature="logOut()[pri:0, instance:com.firsttest.DemoTestclass@3567135c]" name="logOut" is-config="true" duration-ms="0" started-at="2018-07-09T02:09:48Z" finished-at="2018-07-09T02:09:48Z">
          <reporter-output>
          </reporter-output>
        </test-method> <!-- logOut -->
        <test-method status="PASS" signature="enterURL()[pri:0, instance:com.firsttest.DemoTestclass@3567135c]" name="enterURL" is-config="true" duration-ms="0" started-at="2018-07-09T02:09:48Z" finished-at="2018-07-09T02:09:48Z">
          <reporter-output>
          </reporter-output>
        </test-method> <!-- enterURL -->
        <test-method status="PASS" signature="closeAllBrowser()[pri:0, instance:com.firsttest.DemoTestclass@3567135c]" name="closeAllBrowser" is-config="true" duration-ms="0" started-at="2018-07-09T02:09:48Z" finished-at="2018-07-09T02:09:48Z">
          <reporter-output>
          </reporter-output>
        </test-method> <!-- closeAllBrowser -->
      </class> <!-- com.firsttest.DemoTestclass -->
    </test> <!-- Extent Report -->
  </suite> <!-- Suite -->
</testng-results>
