<?xml version="1.0" encoding="UTF-8"?>
<testng-results skipped="0" failed="0" total="8" passed="8">
  <reporter-output>
  </reporter-output>
  <suite name="Suite" duration-ms="15" started-at="2018-07-12T03:20:15Z" finished-at="2018-07-12T03:20:15Z">
    <groups>
    </groups>
    <test name="Extent Report" duration-ms="15" started-at="2018-07-12T03:20:15Z" finished-at="2018-07-12T03:20:15Z">
      <class name="com.firsttest.DemoTest2">
        <test-method status="PASS" signature="setUp()[pri:0, instance:com.firsttest.DemoTest2@90f6bfd]" name="setUp" is-config="true" duration-ms="16" started-at="2018-07-11T22:20:15Z" finished-at="2018-07-11T22:20:15Z">
          <reporter-output>
          </reporter-output>
        </test-method> <!-- setUp -->
        <test-method status="PASS" signature="setUp()[pri:0, instance:com.firsttest.DemoTestclass@4157f54e]" name="setUp" is-config="true" duration-ms="0" started-at="2018-07-11T22:20:15Z" finished-at="2018-07-11T22:20:15Z">
          <reporter-output>
          </reporter-output>
        </test-method> <!-- setUp -->
        <test-method status="PASS" signature="login()[pri:0, instance:com.firsttest.DemoTestclass@4157f54e]" name="login" is-config="true" duration-ms="0" started-at="2018-07-11T22:20:15Z" finished-at="2018-07-11T22:20:15Z">
          <reporter-output>
          </reporter-output>
        </test-method> <!-- login -->
        <test-method status="PASS" signature="login()[pri:0, instance:com.firsttest.DemoTest2@90f6bfd]" name="login" is-config="true" duration-ms="0" started-at="2018-07-11T22:20:15Z" finished-at="2018-07-11T22:20:15Z">
          <reporter-output>
          </reporter-output>
        </test-method> <!-- login -->
        <test-method status="PASS" signature="logOut()[pri:0, instance:com.firsttest.DemoTest2@90f6bfd]" name="logOut" is-config="true" duration-ms="0" started-at="2018-07-11T22:20:15Z" finished-at="2018-07-11T22:20:15Z">
          <reporter-output>
          </reporter-output>
        </test-method> <!-- logOut -->
        <test-method status="PASS" signature="logOut()[pri:0, instance:com.firsttest.DemoTest2@90f6bfd]" name="logOut" is-config="true" duration-ms="0" started-at="2018-07-11T22:20:15Z" finished-at="2018-07-11T22:20:15Z">
          <reporter-output>
          </reporter-output>
        </test-method> <!-- logOut -->
        <test-method status="PASS" signature="closeAllBrowser()[pri:0, instance:com.firsttest.DemoTest2@90f6bfd]" name="closeAllBrowser" is-config="true" duration-ms="0" started-at="2018-07-11T22:20:15Z" finished-at="2018-07-11T22:20:15Z">
          <reporter-output>
          </reporter-output>
        </test-method> <!-- closeAllBrowser -->
        <test-method status="PASS" signature="deleteCoolies()[pri:0, instance:com.firsttest.DemoTestclass@4157f54e]" name="deleteCoolies" is-config="true" duration-ms="0" started-at="2018-07-11T22:20:15Z" finished-at="2018-07-11T22:20:15Z">
          <reporter-output>
          </reporter-output>
        </test-method> <!-- deleteCoolies -->
        <test-method status="PASS" signature="logOut()[pri:0, instance:com.firsttest.DemoTest2@90f6bfd]" name="logOut" is-config="true" duration-ms="0" started-at="2018-07-11T22:20:15Z" finished-at="2018-07-11T22:20:15Z">
          <reporter-output>
          </reporter-output>
        </test-method> <!-- logOut -->
        <test-method status="PASS" signature="launchBrowser()[pri:0, instance:com.firsttest.DemoTest2@90f6bfd]" name="launchBrowser" is-config="true" duration-ms="0" started-at="2018-07-11T22:20:15Z" finished-at="2018-07-11T22:20:15Z">
          <reporter-output>
          </reporter-output>
        </test-method> <!-- launchBrowser -->
        <test-method status="PASS" signature="enterURL()[pri:0, instance:com.firsttest.DemoTest2@90f6bfd]" name="enterURL" is-config="true" duration-ms="0" started-at="2018-07-11T22:20:15Z" finished-at="2018-07-11T22:20:15Z">
          <reporter-output>
          </reporter-output>
        </test-method> <!-- enterURL -->
        <test-method status="PASS" signature="enterURL()[pri:0, instance:com.firsttest.DemoTest2@90f6bfd]" name="enterURL" is-config="true" duration-ms="0" started-at="2018-07-11T22:20:15Z" finished-at="2018-07-11T22:20:15Z">
          <reporter-output>
          </reporter-output>
        </test-method> <!-- enterURL -->
        <test-method status="PASS" signature="logOut()[pri:0, instance:com.firsttest.DemoTest2@90f6bfd]" name="logOut" is-config="true" duration-ms="0" started-at="2018-07-11T22:20:15Z" finished-at="2018-07-11T22:20:15Z">
          <reporter-output>
          </reporter-output>
        </test-method> <!-- logOut -->
        <test-method status="PASS" signature="add()[pri:0, instance:com.firsttest.DemoTest2@90f6bfd]" name="add" duration-ms="0" started-at="2018-07-11T22:20:15Z" finished-at="2018-07-11T22:20:15Z">
          <reporter-output>
          </reporter-output>
        </test-method> <!-- add -->
        <test-method status="PASS" signature="deleteCoolies()[pri:0, instance:com.firsttest.DemoTest2@90f6bfd]" name="deleteCoolies" is-config="true" duration-ms="0" started-at="2018-07-11T22:20:15Z" finished-at="2018-07-11T22:20:15Z">
          <reporter-output>
          </reporter-output>
        </test-method> <!-- deleteCoolies -->
        <test-method status="PASS" signature="division()[pri:0, instance:com.firsttest.DemoTest2@90f6bfd]" name="division" duration-ms="0" started-at="2018-07-11T22:20:15Z" finished-at="2018-07-11T22:20:15Z">
          <reporter-output>
          </reporter-output>
        </test-method> <!-- division -->
        <test-method status="PASS" signature="enterURL()[pri:0, instance:com.firsttest.DemoTest2@90f6bfd]" name="enterURL" is-config="true" duration-ms="0" started-at="2018-07-11T22:20:15Z" finished-at="2018-07-11T22:20:15Z">
          <reporter-output>
          </reporter-output>
        </test-method> <!-- enterURL -->
        <test-method status="PASS" signature="multiplication()[pri:0, instance:com.firsttest.DemoTest2@90f6bfd]" name="multiplication" duration-ms="0" started-at="2018-07-11T22:20:15Z" finished-at="2018-07-11T22:20:15Z">
          <reporter-output>
          </reporter-output>
        </test-method> <!-- multiplication -->
        <test-method status="PASS" signature="enterURL()[pri:0, instance:com.firsttest.DemoTest2@90f6bfd]" name="enterURL" is-config="true" duration-ms="0" started-at="2018-07-11T22:20:15Z" finished-at="2018-07-11T22:20:15Z">
          <reporter-output>
          </reporter-output>
        </test-method> <!-- enterURL -->
        <test-method status="PASS" signature="Sub()[pri:0, instance:com.firsttest.DemoTest2@90f6bfd]" name="Sub" duration-ms="0" started-at="2018-07-11T22:20:15Z" finished-at="2018-07-11T22:20:15Z">
          <reporter-output>
          </reporter-output>
        </test-method> <!-- Sub -->
        <test-method status="PASS" signature="generateReport()[pri:0, instance:com.firsttest.DemoTest2@90f6bfd]" name="generateReport" is-config="true" duration-ms="0" started-at="2018-07-11T22:20:15Z" finished-at="2018-07-11T22:20:15Z">
          <reporter-output>
          </reporter-output>
        </test-method> <!-- generateReport -->
        <test-method status="PASS" signature="generateReport()[pri:0, instance:com.firsttest.DemoTestclass@4157f54e]" name="generateReport" is-config="true" duration-ms="0" started-at="2018-07-11T22:20:15Z" finished-at="2018-07-11T22:20:15Z">
          <reporter-output>
          </reporter-output>
        </test-method> <!-- generateReport -->
      </class> <!-- com.firsttest.DemoTest2 -->
      <class name="com.firsttest.DemoTestclass">
        <test-method status="PASS" signature="logOut()[pri:0, instance:com.firsttest.DemoTestclass@4157f54e]" name="logOut" is-config="true" duration-ms="0" started-at="2018-07-11T22:20:15Z" finished-at="2018-07-11T22:20:15Z">
          <reporter-output>
          </reporter-output>
        </test-method> <!-- logOut -->
        <test-method status="PASS" signature="enterURL()[pri:0, instance:com.firsttest.DemoTestclass@4157f54e]" name="enterURL" is-config="true" duration-ms="0" started-at="2018-07-11T22:20:15Z" finished-at="2018-07-11T22:20:15Z">
          <reporter-output>
          </reporter-output>
        </test-method> <!-- enterURL -->
        <test-method status="PASS" signature="multiplication()[pri:0, instance:com.firsttest.DemoTestclass@4157f54e]" name="multiplication" duration-ms="0" started-at="2018-07-11T22:20:15Z" finished-at="2018-07-11T22:20:15Z">
          <reporter-output>
          </reporter-output>
        </test-method> <!-- multiplication -->
        <test-method status="PASS" signature="enterURL()[pri:0, instance:com.firsttest.DemoTestclass@4157f54e]" name="enterURL" is-config="true" duration-ms="0" started-at="2018-07-11T22:20:15Z" finished-at="2018-07-11T22:20:15Z">
          <reporter-output>
          </reporter-output>
        </test-method> <!-- enterURL -->
        <test-method status="PASS" signature="logOut()[pri:0, instance:com.firsttest.DemoTestclass@4157f54e]" name="logOut" is-config="true" duration-ms="0" started-at="2018-07-11T22:20:15Z" finished-at="2018-07-11T22:20:15Z">
          <reporter-output>
          </reporter-output>
        </test-method> <!-- logOut -->
        <test-method status="PASS" signature="logOut()[pri:0, instance:com.firsttest.DemoTestclass@4157f54e]" name="logOut" is-config="true" duration-ms="0" started-at="2018-07-11T22:20:15Z" finished-at="2018-07-11T22:20:15Z">
          <reporter-output>
          </reporter-output>
        </test-method> <!-- logOut -->
        <test-method status="PASS" signature="add2()[pri:0, instance:com.firsttest.DemoTestclass@4157f54e]" name="add2" duration-ms="0" started-at="2018-07-11T22:20:15Z" finished-at="2018-07-11T22:20:15Z">
          <reporter-output>
          </reporter-output>
        </test-method> <!-- add2 -->
        <test-method status="PASS" signature="logOut()[pri:0, instance:com.firsttest.DemoTestclass@4157f54e]" name="logOut" is-config="true" duration-ms="0" started-at="2018-07-11T22:20:15Z" finished-at="2018-07-11T22:20:15Z">
          <reporter-output>
          </reporter-output>
        </test-method> <!-- logOut -->
        <test-method status="PASS" signature="enterURL()[pri:0, instance:com.firsttest.DemoTestclass@4157f54e]" name="enterURL" is-config="true" duration-ms="0" started-at="2018-07-11T22:20:15Z" finished-at="2018-07-11T22:20:15Z">
          <reporter-output>
          </reporter-output>
        </test-method> <!-- enterURL -->
        <test-method status="PASS" signature="enterURL()[pri:0, instance:com.firsttest.DemoTestclass@4157f54e]" name="enterURL" is-config="true" duration-ms="0" started-at="2018-07-11T22:20:15Z" finished-at="2018-07-11T22:20:15Z">
          <reporter-output>
          </reporter-output>
        </test-method> <!-- enterURL -->
        <test-method status="PASS" signature="launchBrowser()[pri:0, instance:com.firsttest.DemoTestclass@4157f54e]" name="launchBrowser" is-config="true" duration-ms="0" started-at="2018-07-11T22:20:15Z" finished-at="2018-07-11T22:20:15Z">
          <reporter-output>
          </reporter-output>
        </test-method> <!-- launchBrowser -->
        <test-method status="PASS" signature="closeAllBrowser()[pri:0, instance:com.firsttest.DemoTestclass@4157f54e]" name="closeAllBrowser" is-config="true" duration-ms="0" started-at="2018-07-11T22:20:15Z" finished-at="2018-07-11T22:20:15Z">
          <reporter-output>
          </reporter-output>
        </test-method> <!-- closeAllBrowser -->
        <test-method status="PASS" signature="Sub()[pri:0, instance:com.firsttest.DemoTestclass@4157f54e]" name="Sub" duration-ms="0" started-at="2018-07-11T22:20:15Z" finished-at="2018-07-11T22:20:15Z">
          <reporter-output>
          </reporter-output>
        </test-method> <!-- Sub -->
        <test-method status="PASS" signature="add()[pri:0, instance:com.firsttest.DemoTestclass@4157f54e]" name="add" duration-ms="0" started-at="2018-07-11T22:20:15Z" finished-at="2018-07-11T22:20:15Z">
          <reporter-output>
          </reporter-output>
        </test-method> <!-- add -->
      </class> <!-- com.firsttest.DemoTestclass -->
    </test> <!-- Extent Report -->
  </suite> <!-- Suite -->
</testng-results>
