<?xml version="1.0" encoding="UTF-8"?>
<testsuite xmlns:xsi="http://www.w3.org/2001/XMLSchema-instance" xsi:noNamespaceSchemaLocation="https://maven.apache.org/surefire/maven-surefire-plugin/xsd/surefire-test-report.xsd" name="TestSuite" time="0.696" tests="8" errors="0" skipped="0" failures="0">
  <properties>
[...]
</properties>
  <testcase name="Sub" classname="com.firsttest.DemoTestclass" time="0"/>
  <testcase name="add" classname="com.firsttest.DemoTestclass" time="0"/>
  <testcase name="add2" classname="com.firsttest.DemoTestclass" time="0"/>
  <testcase name="multiplication" classname="com.firsttest.DemoTestclass" time="0"/>
  <testcase name="Sub" classname="com.firsttest.DemoTest2" time="0"/>
  <testcase name="add" classname="com.firsttest.DemoTest2" time="0"/>
  <testcase name="division" classname="com.firsttest.DemoTest2" time="0"/>
  <testcase name="multiplication" classname="com.firsttest.DemoTest2" time="0"/>
</testsuite>